<?xml version="1.0" encoding="UTF-8"?>
<testsuite xmlns:xsi="http://www.w3.org/2001/XMLSchema-instance" xsi:noNamespaceSchemaLocation="https://maven.apache.org/surefire/maven-surefire-plugin/xsd/surefire-test-report-3.0.xsd" version="3.0" name="com.ebookstore.main.EBookStoreApplicationTests" time="8.587" tests="1" errors="0" skipped="0" failures="0">
  <properties>
[...]
</properties>
  <testcase name="contextLoads" classname="com.ebookstore.main.EBookStoreApplicationTests" time="0.805">
    <system-out><![CDATA[09:55:01.775 [main] INFO org.springframework.test.context.support.AnnotationConfigContextLoaderUtils -- Could not detect default configuration classes for test class [com.ebookstore.main.EBookStoreApplicationTests]: EBookStoreApplicationTests does not declare any static, non-private, non-final, nested classes annotated with @Configuration.
09:55:01.913 [main] INFO org.springframework.boot.test.context.SpringBootTestContextBootstrapper -- Found @SpringBootConfiguration com.ebookstore.main.EBookStoreApplication for test class com.ebookstore.main.EBookStoreApplicationTests

  .   ____          _            __ _ _
 /\\ / ___'_ __ _ _(_)_ __  __ _ \ \ \ \
( ( )\___ | '_ | '_| | '_ \/ _` | \ \ \ \
 \\/  ___)| |_)| | | | | || (_| |  ) ) ) )
  '  |____| .__|_| |_|_| |_\__, | / / / /
 =========|_|==============|___/=/_/_/_/
 :: Spring Boot ::                (v3.1.2)

2023-08-31T09:55:02.571+05:30  INFO 3296 --- [           main] c.e.main.EBookStoreApplicationTests      : Starting EBookStoreApplicationTests using Java 17.0.7 with PID 3296 (started by shiva in E:\SpringBoot\eBookStore)
2023-08-31T09:55:02.573+05:30  INFO 3296 --- [           main] c.e.main.EBookStoreApplicationTests      : No active profile set, falling back to 1 default profile: "default"
2023-08-31T09:55:03.699+05:30  INFO 3296 --- [           main] .s.d.r.c.RepositoryConfigurationDelegate : Bootstrapping Spring Data JPA repositories in DEFAULT mode.
2023-08-31T09:55:03.773+05:30  INFO 3296 --- [           main] .s.d.r.c.RepositoryConfigurationDelegate : Finished Spring Data repository scanning in 59 ms. Found 1 JPA repository interfaces.
2023-08-31T09:55:04.449+05:30  INFO 3296 --- [           main] o.hibernate.jpa.internal.util.LogHelper  : HHH000204: Processing PersistenceUnitInfo [name: default]
2023-08-31T09:55:04.572+05:30  INFO 3296 --- [           main] org.hibernate.Version                    : HHH000412: Hibernate ORM core version 6.2.6.Final
2023-08-31T09:55:04.576+05:30  INFO 3296 --- [           main] org.hibernate.cfg.Environment            : HHH000406: Using bytecode reflection optimizer
2023-08-31T09:55:04.837+05:30  INFO 3296 --- [           main] o.h.b.i.BytecodeProviderInitiator        : HHH000021: Bytecode provider name : bytebuddy
2023-08-31T09:55:05.039+05:30  INFO 3296 --- [           main] o.s.o.j.p.SpringPersistenceUnitInfo      : No LoadTimeWeaver setup: ignoring JPA class transformer
2023-08-31T09:55:05.079+05:30  INFO 3296 --- [           main] com.zaxxer.hikari.HikariDataSource       : HikariPool-1 - Starting...
2023-08-31T09:55:05.563+05:30  INFO 3296 --- [           main] com.zaxxer.hikari.pool.HikariPool        : HikariPool-1 - Added connection com.mysql.cj.jdbc.ConnectionImpl@2f99d8c
2023-08-31T09:55:05.565+05:30  INFO 3296 --- [           main] com.zaxxer.hikari.HikariDataSource       : HikariPool-1 - Start completed.
2023-08-31T09:55:05.640+05:30  WARN 3296 --- [           main] org.hibernate.orm.deprecation            : HHH90000026: MySQL8Dialect has been deprecated; use org.hibernate.dialect.MySQLDialect instead
2023-08-31T09:55:06.021+05:30  INFO 3296 --- [           main] o.h.b.i.BytecodeProviderInitiator        : HHH000021: Bytecode provider name : bytebuddy
2023-08-31T09:55:07.006+05:30  INFO 3296 --- [           main] o.h.e.t.j.p.i.JtaPlatformInitiator       : HHH000490: Using JtaPlatform implementation: [org.hibernate.engine.transaction.jta.platform.internal.NoJtaPlatform]
Hibernate: 
    alter table e_book_store 
       modify column created_on  datetime(6)
Hibernate: 
    alter table e_book_store 
       modify column price  float(23) not null
2023-08-31T09:55:07.187+05:30  INFO 3296 --- [           main] j.LocalContainerEntityManagerFactoryBean : Initialized JPA EntityManagerFactory for persistence unit 'default'
2023-08-31T09:55:07.562+05:30  INFO 3296 --- [           main] o.s.d.j.r.query.QueryEnhancerFactory     : Hibernate is in classpath; If applicable, HQL parser will be used.
2023-08-31T09:55:07.892+05:30  WARN 3296 --- [           main] JpaBaseConfiguration$JpaWebConfiguration : spring.jpa.open-in-view is enabled by default. Therefore, database queries may be performed during view rendering. Explicitly configure spring.jpa.open-in-view to disable this warning
2023-08-31T09:55:09.312+05:30  INFO 3296 --- [           main] c.e.main.EBookStoreApplicationTests      : Started EBookStoreApplicationTests in 7.174 seconds (process running for 8.713)
]]></system-out>
  </testcase>
</testsuite>